0 info it worked if it ends with ok
1 verbose cli [ '/usr/local/bin/node', '/usr/local/bin/npm', 'publish' ]
2 info using npm@3.10.3
3 info using node@v6.5.0
4 verbose publish [ '.' ]
5 silly cache add args [ '.', null ]
6 verbose cache add spec .
7 silly cache add parsed spec Result {
7 silly cache add   raw: '.',
7 silly cache add   scope: null,
7 silly cache add   escapedName: null,
7 silly cache add   name: null,
7 silly cache add   rawSpec: '.',
7 silly cache add   spec: '/Users/bennage/dev/reagan',
7 silly cache add   type: 'directory' }
8 verbose addLocalDirectory /Users/bennage/.npm/reagan/0.0.2/package.tgz not in flight; packing
9 verbose correctMkdir /Users/bennage/.npm correctMkdir not in flight; initializing
10 info lifecycle reagan@0.0.2~prepublish: reagan@0.0.2
11 silly lifecycle reagan@0.0.2~prepublish: no script for prepublish, continuing
12 verbose tar pack [ '/Users/bennage/.npm/reagan/0.0.2/package.tgz',
12 verbose tar pack   '/Users/bennage/dev/reagan' ]
13 verbose tarball /Users/bennage/.npm/reagan/0.0.2/package.tgz
14 verbose folder /Users/bennage/dev/reagan
15 verbose addLocalTarball adding from inside cache /Users/bennage/.npm/reagan/0.0.2/package.tgz
16 verbose correctMkdir /Users/bennage/.npm correctMkdir not in flight; initializing
17 silly cache afterAdd reagan@0.0.2
18 verbose afterAdd /Users/bennage/.npm/reagan/0.0.2/package/package.json not in flight; writing
19 verbose correctMkdir /Users/bennage/.npm correctMkdir not in flight; initializing
20 verbose afterAdd /Users/bennage/.npm/reagan/0.0.2/package/package.json written
21 silly publish { name: 'reagan',
21 silly publish   version: '0.0.2',
21 silly publish   description: 'trust, but verify',
21 silly publish   main: 'index.js',
21 silly publish   scripts: { test: 'echo "Error: no test specified" && exit 1' },
21 silly publish   author: { name: 'Christopher Bennage' },
21 silly publish   license: 'MIT',
21 silly publish   engines: { node: '>= 6.4.x' },
21 silly publish   preferGlobal: true,
21 silly publish   dependencies:
21 silly publish    { colors: '^1.1.2',
21 silly publish      commander: '^2.9.0',
21 silly publish      diff: '^3.0.0',
21 silly publish      mz: '^2.4.0',
21 silly publish      'resolve-glob': '^0.1.8' },
21 silly publish   bin: { reagan: 'index.js' },
21 silly publish   readmeFilename: 'README.md',
21 silly publish   readme: '# Reagan\n\nThis is a tool for verifying that the code samples embedded in a markdown document are in sync with the gitHub-hosted source files.\n\nIt is currently hard-coded to work with the [azure/azure-content](https://github.com/azure/azure-content) repo, and then just a subset of articles that I\'m interested in.\n',
21 silly publish   gitHead: '42b6f1533c7a39a4b963c28e955ef963abbab815',
21 silly publish   _id: 'reagan@0.0.2',
21 silly publish   _shasum: '2d5f846f954d2db087fbd4137becde0e08bb9a7e',
21 silly publish   _from: '.' }
22 verbose getPublishConfig undefined
23 silly mapToRegistry name reagan
24 silly mapToRegistry using default registry
25 silly mapToRegistry registry https://registry.npmjs.org/
26 silly mapToRegistry data Result {
26 silly mapToRegistry   raw: 'reagan',
26 silly mapToRegistry   scope: null,
26 silly mapToRegistry   escapedName: 'reagan',
26 silly mapToRegistry   name: 'reagan',
26 silly mapToRegistry   rawSpec: '',
26 silly mapToRegistry   spec: 'latest',
26 silly mapToRegistry   type: 'tag' }
27 silly mapToRegistry uri https://registry.npmjs.org/reagan
28 verbose publish registryBase https://registry.npmjs.org/
29 silly publish uploading /Users/bennage/.npm/reagan/0.0.2/package.tgz
30 verbose request uri https://registry.npmjs.org/reagan
31 verbose request sending authorization for write operation
32 info attempt registry request try #1 at 6:16:17 PM
33 verbose request using bearer token for auth
34 verbose request id 6c9283ef2f3b400b
35 http request PUT https://registry.npmjs.org/reagan
36 http 403 https://registry.npmjs.org/reagan
37 verbose headers { 'content-type': 'application/json',
37 verbose headers   'cache-control': 'max-age=300',
37 verbose headers   'content-length': '95',
37 verbose headers   'accept-ranges': 'bytes',
37 verbose headers   date: 'Fri, 02 Sep 2016 01:16:18 GMT',
37 verbose headers   via: '1.1 varnish',
37 verbose headers   connection: 'keep-alive',
37 verbose headers   'x-served-by': 'cache-den6022-DEN',
37 verbose headers   'x-cache': 'MISS',
37 verbose headers   'x-cache-hits': '0',
37 verbose headers   'x-timer': 'S1472778977.218974,VS0,VE870',
37 verbose headers   vary: 'Accept-Encoding' }
38 verbose request invalidating /Users/bennage/.npm/registry.npmjs.org/reagan on PUT
39 error publish Failed PUT 403
40 verbose stack Error: "You cannot publish over the previously published version 0.0.2." : reagan
40 verbose stack     at makeError (/usr/local/lib/node_modules/npm/node_modules/npm-registry-client/lib/request.js:264:12)
40 verbose stack     at CachingRegistryClient.<anonymous> (/usr/local/lib/node_modules/npm/node_modules/npm-registry-client/lib/request.js:252:14)
40 verbose stack     at Request._callback (/usr/local/lib/node_modules/npm/node_modules/npm-registry-client/lib/request.js:172:14)
40 verbose stack     at Request.self.callback (/usr/local/lib/node_modules/npm/node_modules/request/request.js:200:22)
40 verbose stack     at emitTwo (events.js:106:13)
40 verbose stack     at Request.emit (events.js:191:7)
40 verbose stack     at Request.<anonymous> (/usr/local/lib/node_modules/npm/node_modules/request/request.js:1067:10)
40 verbose stack     at emitOne (events.js:101:20)
40 verbose stack     at Request.emit (events.js:188:7)
40 verbose stack     at IncomingMessage.<anonymous> (/usr/local/lib/node_modules/npm/node_modules/request/request.js:988:12)
41 verbose statusCode 403
42 verbose pkgid reagan
43 verbose cwd /Users/bennage/dev/reagan
44 error Darwin 15.6.0
45 error argv "/usr/local/bin/node" "/usr/local/bin/npm" "publish"
46 error node v6.5.0
47 error npm  v3.10.3
48 error code E403
49 error "You cannot publish over the previously published version 0.0.2." : reagan
50 error If you need help, you may report this error at:
50 error     <https://github.com/npm/npm/issues>
51 verbose exit [ 1, true ]
